<?xml version="1.0" encoding="UTF-8" ?>
<testsuite errors="0" failures="0" hostname="YIL-Jhih-Chen" name="Auto.Junit" skipped="0" tests="1" time="0.155" timestamp="2018-01-08T08:58:54">
  <properties>
[...]
</properties>
  <testcase classname="Auto.Junit" name="Case[WiFi]" time="0.0" />
  <system-out><![CDATA[測試設備(UDID/Android Version)
4d00ba0a7fd64003/5.0.1
測試腳本：[[LaunchAPP, WiFi, On, ByXpath_Click, //*[@text='OK'], Byid_Wait, preview, QuitAPP]]

[info] CaseName:|WiFi|
[info] Executing:|LaunchAPP|com.tutk.kalayapp|
[info] Executing:|WiFi|On|
[info] Executing:|ByXpath_Click|//*[@text='OK']|
[info] Executing:|Byid_Wait|preview|
[info] Executing:|QuitAPP|
[Result] WiFi:PASS(1.822 min)

測試結束!!!(109 s)
]]></system-out>
  <system-err><![CDATA[]]></system-err>
</testsuite>
